<?xml version="1.0" encoding="UTF-8"?>
<testsuite xmlns:xsi="http://www.w3.org/2001/XMLSchema-instance" xsi:noNamespaceSchemaLocation="https://maven.apache.org/surefire/maven-surefire-plugin/xsd/surefire-test-report-3.0.xsd" version="3.0" name="com.example.library.BookServiceTest" time="0.365" tests="10" errors="0" skipped="0" failures="0">
  <properties>
[...]
</properties>
  <testcase name="createBook_WhenValid_ShouldCreateBook" classname="com.example.library.BookServiceTest" time="0.271">
    <system-out><![CDATA[2026-06-26 20:53:05 [main] INFO  c.e.library.service.BookService - Creating new book: Test Book
2026-06-26 20:53:05 [main] INFO  c.e.library.service.BookService - Book created successfully with id: 1
]]></system-out>
  </testcase>
  <testcase name="getBookById_WhenBookDoesNotExist_ShouldThrowException" classname="com.example.library.BookServiceTest" time="0.009">
    <system-out><![CDATA[2026-06-26 20:53:05 [main] INFO  c.e.library.service.BookService - Fetching book with id: 999
2026-06-26 20:53:05 [main] ERROR c.e.library.service.BookService - Book not found with id: 999
]]></system-out>
  </testcase>
  <testcase name="getBooksByAuthor_ShouldReturnAuthorBooks" classname="com.example.library.BookServiceTest" time="0.006">
    <system-out><![CDATA[2026-06-26 20:53:05 [main] INFO  c.e.library.service.BookService - Fetching books for author id: 1
]]></system-out>
  </testcase>
  <testcase name="createBook_WhenAuthorDoesNotExist_ShouldThrowException" classname="com.example.library.BookServiceTest" time="0.014">
    <system-out><![CDATA[2026-06-26 20:53:05 [main] INFO  c.e.library.service.BookService - Creating new book: Test Book
2026-06-26 20:53:05 [main] ERROR c.e.library.service.BookService - Author not found with id: 1
]]></system-out>
  </testcase>
  <testcase name="createBook_WhenIsbnExists_ShouldThrowException" classname="com.example.library.BookServiceTest" time="0.009">
    <system-out><![CDATA[2026-06-26 20:53:05 [main] INFO  c.e.library.service.BookService - Creating new book: Test Book
2026-06-26 20:53:05 [main] ERROR c.e.library.service.BookService - ISBN already exists: 978-3-16-148410-0
]]></system-out>
  </testcase>
  <testcase name="getAllBooks_ShouldReturnAllBooks" classname="com.example.library.BookServiceTest" time="0.006">
    <system-out><![CDATA[2026-06-26 20:53:05 [main] INFO  c.e.library.service.BookService - Fetching all books
2026-06-26 20:53:05 [main] DEBUG c.e.library.service.BookService - Found 1 books
]]></system-out>
  </testcase>
  <testcase name="updateBook_WhenValid_ShouldUpdateBook" classname="com.example.library.BookServiceTest" time="0.01">
    <system-out><![CDATA[2026-06-26 20:53:05 [main] INFO  c.e.library.service.BookService - Updating book with id: 1
2026-06-26 20:53:05 [main] INFO  c.e.library.service.BookService - Book updated successfully with id: 1
]]></system-out>
  </testcase>
  <testcase name="deleteBook_WhenBookExists_ShouldDeleteBook" classname="com.example.library.BookServiceTest" time="0.006">
    <system-out><![CDATA[2026-06-26 20:53:05 [main] INFO  c.e.library.service.BookService - Deleting book with id: 1
2026-06-26 20:53:05 [main] INFO  c.e.library.service.BookService - Book deleted successfully with id: 1
]]></system-out>
  </testcase>
  <testcase name="getBookById_WhenBookExists_ShouldReturnBook" classname="com.example.library.BookServiceTest" time="0.006">
    <system-out><![CDATA[2026-06-26 20:53:05 [main] INFO  c.e.library.service.BookService - Fetching book with id: 1
]]></system-out>
  </testcase>
  <testcase name="searchBooksByTitle_ShouldReturnMatchingBooks" classname="com.example.library.BookServiceTest" time="0.008">
    <system-out><![CDATA[2026-06-26 20:53:05 [main] INFO  c.e.library.service.BookService - Searching books by title: Test
]]></system-out>
  </testcase>
</testsuite>